<?xml version="1.0" encoding="UTF-8"?>
<testsuite xmlns:xsi="http://www.w3.org/2001/XMLSchema-instance" xsi:noNamespaceSchemaLocation="https://maven.apache.org/surefire/maven-surefire-plugin/xsd/surefire-test-report.xsd" name="com.yeelight.erp.crm.Prm2erpApplicationTests" time="5.72" tests="8" errors="0" skipped="0" failures="0">
  <properties>
[...]
</properties>
  <testcase name="updateOrder" classname="com.yeelight.erp.crm.Prm2erpApplicationTests" time="3.631"/>
  <testcase name="getDatatime" classname="com.yeelight.erp.crm.Prm2erpApplicationTests" time="0.025"/>
  <testcase name="math" classname="com.yeelight.erp.crm.Prm2erpApplicationTests" time="0.003"/>
  <testcase name="Test1" classname="com.yeelight.erp.crm.Prm2erpApplicationTests" time="0.003"/>
  <testcase name="Test2" classname="com.yeelight.erp.crm.Prm2erpApplicationTests" time="0.003"/>
  <testcase name="returnfilterString" classname="com.yeelight.erp.crm.Prm2erpApplicationTests" time="0.002"/>
  <testcase name="contextLoads" classname="com.yeelight.erp.crm.Prm2erpApplicationTests" time="0.003"/>
  <testcase name="getLastQuarter" classname="com.yeelight.erp.crm.Prm2erpApplicationTests" time="0.005"/>
</testsuite>